#
# A fatal error has been detected by the Java Runtime Environment:
#
#  EXCEPTION_ACCESS_VIOLATION (0xc0000005) at pc=0x00007ffaece9c468, pid=5948, tid=11916
#
# JRE version: OpenJDK Runtime Environment Temurin-21.0.7+6 (21.0.7+6) (build 21.0.7+6-LTS)
# Java VM: OpenJDK 64-Bit Server VM Temurin-21.0.7+6 (21.0.7+6-LTS, mixed mode, sharing, tiered, compressed oops, compressed class ptrs, parallel gc, windows-amd64)
# Problematic frame:
# V  [jvm.dll+0xc468]
#
# No core dump will be written. Minidumps are not enabled by default on client versions of Windows
#
# If you would like to submit a bug report, please visit:
#   https://github.com/adoptium/adoptium-support/issues
#

---------------  S U M M A R Y ------------

Command Line: --add-modules=ALL-SYSTEM --add-opens=java.base/java.util=ALL-UNNAMED --add-opens=java.base/java.lang=ALL-UNNAMED --add-opens=java.base/sun.nio.fs=ALL-UNNAMED -Declipse.application=org.eclipse.jdt.ls.core.id1 -Dosgi.bundles.defaultStartLevel=4 -Declipse.product=org.eclipse.jdt.ls.core.product -Djava.import.generatesMetadataFilesAtProjectRoot=false -DDetectVMInstallationsJob.disabled=true -Dfile.encoding=utf8 -XX:+UseParallelGC -XX:GCTimeRatio=4 -XX:AdaptiveSizePolicyWeight=90 -Dsun.zip.disableMemoryMapping=true -Xmx2G -Xms100m -Xlog:disable -javaagent:c:\Users\ce651\.vscode\extensions\redhat.java-1.43.1-win32-x64\lombok\lombok-1.18.39-4050.jar -XX:+HeapDumpOnOutOfMemoryError -XX:HeapDumpPath=c:\Users\ce651\AppData\Roaming\Code\User\workspaceStorage\4b79b3d4875e53dccca7003614073563\redhat.java -Daether.dependencyCollector.impl=bf c:\Users\ce651\.vscode\extensions\redhat.java-1.43.1-win32-x64\server\plugins\org.eclipse.equinox.launcher_1.7.0.v20250519-0528.jar -configuration c:\Users\ce651\AppData\Roaming\Code\User\globalStorage\redhat.java\1.43.1\config_win -data c:\Users\ce651\AppData\Roaming\Code\User\workspaceStorage\4b79b3d4875e53dccca7003614073563\redhat.java\jdt_ws --pipe=\\.\pipe\lsp-efe3afd48dfc8efec59e001b361e5b61-sock

Host: AMD Ryzen 5 5600X 6-Core Processor             , 12 cores, 31G,  Windows 11 , 64 bit Build 26100 (10.0.26100.4202)
Time: Sun Jul  6 15:42:31 2025 Hora Padrão de Bogotá elapsed time: 7340.867939 seconds (0d 2h 2m 20s)

---------------  T H R E A D  ---------------

Current thread (0x000001724de705b0):  WorkerThread "GC Thread#0"    [id=11916, stack(0x00000028d4c00000,0x00000028d4d00000) (1024K)]

Stack: [0x00000028d4c00000,0x00000028d4d00000],  sp=0x00000028d4cff628,  free space=1021k
Native frames: (J=compiled Java code, j=interpreted, Vv=VM code, C=native code)
V  [jvm.dll+0xc468]


siginfo: EXCEPTION_ACCESS_VIOLATION (0xc0000005), reading address 0x00000172410d6e38


Registers:
RAX=0x0000000000000001, RBX=0x00000000b4ca0f8c, RCX=0x0000000000000000, RDX=0x00000000d5a2da20
RSP=0x00000028d4cff628, RBP=0x00000028d4cff6b0, RSI=0x00000000d5a2da20, RDI=0x000001724dde3c00
R8 =0x00000172410d6e30, R9 =0x00007ffaedac8350, R10=0x0000017200000000, R11=0x000001724dde3c00
R12=0x0000000000000010, R13=0x000000000000000c, R14=0x000001724dde3c00, R15=0x0000000000000000
RIP=0x00007ffaece9c468, EFLAGS=0x0000000000010206

XMM[0]=0x00000011010d6e30 0x0000000000000009
XMM[1]=0x0000000000000000 0x872a07a000000000
XMM[2]=0x00000000d5a247b0 0x00000000d5a24868
XMM[3]=0xd5a23a2800000000 0xd5a23a90d5a23c18
XMM[4]=0x00000000d5a220e0 0x0000000000000000
XMM[5]=0x0000000000000000 0x0000000000000000
XMM[6]=0x0000000000000000 0x0000000000000000
XMM[7]=0x0000000000000000 0x0000000000000000
XMM[8]=0x0000000000000000 0x0000000000000000
XMM[9]=0x0000000000000000 0x0000000000000000
XMM[10]=0x0000000000000000 0x0000000000000000
XMM[11]=0x0000000000000000 0x0000000000000000
XMM[12]=0x0000000000000000 0x0000000000000000
XMM[13]=0x0000000000000000 0x0000000000000000
XMM[14]=0x0000000000000000 0x0000000000000000
XMM[15]=0x0000000000000000 0x0000000000000000
  MXCSR=0x00001fa0


Register to memory mapping:

RAX=0x0000000000000001 is an unknown value
RBX=0x00000000b4ca0f8c is pointing into object: org.eclipse.jdt.internal.compiler.util.SimpleSetOfCharArray 
{0x00000000b4ca0f78} - klass: 'org/eclipse/jdt/internal/compiler/util/SimpleSetOfCharArray'
 - ---- fields (total size 3 words):
 - public 'elementSize' 'I' @12  6 (0x00000006)
 - public 'threshold' 'I' @16  7 (0x00000007)
 - public 'values' '[[C' @20  
[error occurred during error reporting (printing register info), id 0xc0000005, EXCEPTION_ACCESS_VIOLATION (0xc0000005) at pc=0x00007ffaed5492d0]
RCX=0x0 is null
RDX=0x00000000d5a2da20 points into unknown readable memory: 0x0000000000000009 | 09 00 00 00 00 00 00 00
RSP=0x00000028d4cff628 points into unknown readable memory: 0x00007ffaed59aee8 | e8 ae 59 ed fa 7f 00 00
RBP=0x00000028d4cff6b0 points into unknown readable memory: 0x0000000000000000 | 00 00 00 00 00 00 00 00
RSI=0x00000000d5a2da20 points into unknown readable memory: 0x0000000000000009 | 09 00 00 00 00 00 00 00
RDI=0x000001724dde3c00 points into unknown readable memory: 0x00007ffaed91c108 | 08 c1 91 ed fa 7f 00 00
R8 =0x00000172410d6e30 is an unknown value
R9 =0x00007ffaedac8350 jvm.dll
R10=0x0000017200000000 is pointing into metadata
R11=0x000001724dde3c00 points into unknown readable memory: 0x00007ffaed91c108 | 08 c1 91 ed fa 7f 00 00
R12=0x0000000000000010 is an unknown value
R13=0x000000000000000c is an unknown value
R14=0x000001724dde3c00 points into unknown readable memory: 0x00007ffaed91c108 | 08 c1 91 ed fa 7f 00 00
R15=0x0 is null

Top of Stack: (sp=0x00000028d4cff628)
0x00000028d4cff628:   00007ffaed59aee8 00000000b4c92188
0x00000028d4cff638:   00000000d5a25058 000001724dde3c00
0x00000028d4cff648:   00000001ffffffff 0000000000000001
0x00000028d4cff658:   00007ffaed59b3ed 00000000b4c2efb0
0x00000028d4cff668:   00000000d5a38f58 00000000b4ca01c0
0x00000028d4cff678:   0000000000000400 00000000d5995200
0x00000028d4cff688:   0000000000001000 000001724b9e69e0
0x00000028d4cff698:   0000000000000000 000000000000000c
0x00000028d4cff6a8:   0000000000000010 0000000000000000
0x00000028d4cff6b8:   0000000000000008 000001724dde3c00
0x00000028d4cff6c8:   0000000000017619 0000000000000000
0x00000028d4cff6d8:   00007ffaed59bcd9 00000000b4ca0f6c
0x00000028d4cff6e8:   0000000000000008 0000000000000009
0x00000028d4cff6f8:   00000028d4efee00 00000028d4efee08
0x00000028d4cff708:   0000000000000008 000001724b9e69e0
0x00000028d4cff718:   0000000000000005 0000000000000008
0x00000028d4cff728:   00000028d4efee60 0000000000000000
0x00000028d4cff738:   00007ffaed59e361 00093b8600017617
0x00000028d4cff748:   0000000000000000 00000028d4efee60
0x00000028d4cff758:   000001724dde3c00 00000028d4efed00
0x00000028d4cff768:   00007ffaed59e7ef 000001724dde3c00
0x00000028d4cff778:   00000028d4cff809 00000000b4c316ad
0x00000028d4cff788:   00000028d4efee40 000001724dde3c00
0x00000028d4cff798:   0000000000000008 000000000000000a
0x00000028d4cff7a8:   00007ffaed56850e 000001724dde3c00
0x00000028d4cff7b8:   00007ffa00000008 00007ffaed91c3e8
0x00000028d4cff7c8:   000001724dde3c00 00000028d4efed00
0x00000028d4cff7d8:   000001724de62350 00000000000003d8
0x00000028d4cff7e8:   000001724de62360 000001724de62738
0x00000028d4cff7f8:   00007ffaed91c3d8 0000000000000008
0x00000028d4cff808:   0000000000000000 0000000000000000
0x00000028d4cff818:   0000000000000000 0000000000000000 

Instructions: (pc=0x00007ffaece9c468)
0x00007ffaece9c368:   8b 5c 24 30 48 8b c2 48 83 c4 20 5f c3 cc cc cc
0x00007ffaece9c378:   cc cc cc cc cc cc cc cc 48 8b 11 e9 08 f6 ff ff
0x00007ffaece9c388:   cc cc cc cc cc cc cc cc 4c 8b c1 ba 64 60 08 00
0x00007ffaece9c398:   48 8b 0d c1 a5 c7 00 e9 5c ea ff ff cc cc cc cc
0x00007ffaece9c3a8:   cc cc cc cc cc cc cc cc 48 8b 05 81 f3 cc 00 48
0x00007ffaece9c3b8:   8b d1 48 23 c1 48 a9 00 f0 00 00 75 5d 48 8b 05
0x00007ffaece9c3c8:   64 f3 cc 00 48 23 c1 48 a9 00 f0 00 00 75 43 0f
0x00007ffaece9c3d8:   b6 c2 24 30 3c 30 74 3a 48 c1 e9 0c 48 8d 05 45
0x00007ffaece9c3e8:   eb 93 00 83 e1 0f 8b 0c 88 48 8b 05 00 f3 cc 00
0x00007ffaece9c3f8:   48 d3 ea 48 c1 e8 15 48 c1 ea 15 48 23 d0 48 8b
0x00007ffaece9c408:   05 e3 f5 cc 00 48 8b 48 60 48 8b 04 d1 48 85 c0
0x00007ffaece9c418:   75 08 48 8b 05 d7 f5 cc 00 c3 48 8b 05 c7 f5 cc
0x00007ffaece9c428:   00 c3 cc cc cc cc cc cc 8b 05 82 cb c1 00 c3 cc
0x00007ffaece9c438:   cc cc cc cc cc cc cc cc 0f b6 05 db e1 c1 00 48
0x00007ffaece9c448:   8b d1 84 c0 74 16 44 8b 41 08 8b 0d 60 cb c1 00
0x00007ffaece9c458:   49 d3 e0 4c 03 05 4e cb c1 00 eb 04 4c 8b 41 08
0x00007ffaece9c468:   45 8b 48 08 45 85 c9 7e 0e 41 f6 c1 01 75 53 41
0x00007ffaece9c478:   c1 f9 03 49 63 c1 c3 79 49 84 c0 41 b8 0c 00 00
0x00007ffaece9c488:   00 8b 05 99 dc c1 00 b9 10 00 00 00 41 0f 45 c8
0x00007ffaece9c498:   ff c8 4c 63 c0 41 8b c1 48 c1 f8 10 0f b6 c0 48
0x00007ffaece9c4a8:   63 14 11 41 8b c9 83 e1 3f 48 d3 e2 49 8d 0c 10
0x00007ffaece9c4b8:   49 f7 d0 48 03 c1 49 c1 e8 03 48 c1 e8 03 49 23
0x00007ffaece9c4c8:   c0 c3 49 8b 00 49 8b c8 48 ff a0 00 01 00 00 cc
0x00007ffaece9c4d8:   cc cc cc cc cc cc cc cc 8b 44 24 30 45 03 c9 44
0x00007ffaece9c4e8:   2b 4c 24 28 83 c0 0b 44 03 ca 45 03 c8 41 03 c1
0x00007ffaece9c4f8:   c3 cc cc cc cc cc cc cc 4c 8b c2 48 8b d1 45 8b
0x00007ffaece9c508:   48 08 45 85 c9 7e 0e 41 f6 c1 01 75 56 41 c1 f9
0x00007ffaece9c518:   03 49 63 c1 c3 79 4c 80 3d fc e0 c1 00 00 b8 0c
0x00007ffaece9c528:   00 00 00 b9 10 00 00 00 0f 45 c8 8b 05 ef db c1
0x00007ffaece9c538:   00 ff c8 4c 63 c0 41 8b c1 48 c1 f8 10 48 63 14
0x00007ffaece9c548:   11 41 8b c9 83 e1 3f 0f b6 c0 48 d3 e2 49 8d 0c
0x00007ffaece9c558:   10 49 f7 d0 48 03 c1 49 c1 e8 03 48 c1 e8 03 49 


Stack slot to memory mapping:

stack at sp + 0 slots: 0x00007ffaed59aee8 jvm.dll
stack at sp + 1 slots: 0x00000000b4c92188 is an oop: [Ljdk.internal.vm.FillerElement; 
{0x00000000b4c92188} - klass: {type array int}
 - length: 10
stack at sp + 2 slots: 0x00000000d5a25058 is an oop: [[C 
{0x00000000d5a25058} - klass: {type array char}[]
 - length: 7
stack at sp + 3 slots: 0x000001724dde3c00 points into unknown readable memory: 0x00007ffaed91c108 | 08 c1 91 ed fa 7f 00 00
stack at sp + 4 slots: 0x00000001ffffffff is an unknown value
stack at sp + 5 slots: 0x0000000000000001 is an unknown value
stack at sp + 6 slots: 0x00007ffaed59b3ed jvm.dll
stack at sp + 7 slots: 0x00000000b4c2efb0 is an oop: java.util.WeakHashMap$Entry 
{0x00000000b4c2efb0} - klass: 'java/util/WeakHashMap$Entry'
 - ---- fields (total size 5 words):
 - private 'referent' 'Ljava/lang/Object;' @12  a 'org/eclipse/jdt/internal/compiler/ast/MarkerAnnotation'{0x00000000b4c2efd8} (0xb4c2efd8)
 - volatile 'queue' 'Ljava/lang/ref/ReferenceQueue;' @16  a 'java/lang/ref/ReferenceQueue'{0x00000000828feef8} (0x828feef8)
 - volatile 'next' 'Ljava/lang/ref/Reference;' @20  null (0x00000000)
 - private transient 'discovered' 'Ljava/lang/ref/Reference;' @24  null (0x00000000)
 - final 'hash' 'I' @28  1136467927 (0x43bd1fd7)
 - 'value' 'Ljava/lang/Object;' @32  a 'java/lang/Boolean'{0x00000000800037a8} = true (0x800037a8)
 - 'next' 'Ljava/util/WeakHashMap$Entry;' @36  null (0x00000000)


---------------  P R O C E S S  ---------------

Threads class SMR info:
_java_thread_list=0x000001726698be20, length=73, elements={
0x000001724de52410, 0x00000172666f0080, 0x00000172666f3330, 0x00000172666f3f80,
0x00000172666f4bd0, 0x00000172666f5820, 0x00000172666fb7f0, 0x00000172666fe890,
0x0000017266703060, 0x00000172667df570, 0x0000017266a43a20, 0x000001726b72cf40,
0x000001726b72c8b0, 0x000001726b72e980, 0x000001726b72dc60, 0x000001726b72e2f0,
0x000001726b72b500, 0x000001726b72c220, 0x000001726be1cfb0, 0x000001726be1dcd0,
0x000001726be1e9f0, 0x000001726be1f080, 0x000001726be1c920, 0x000001726be21150,
0x000001726be21e70, 0x000001726be22500, 0x000001726be22b90, 0x000001726be238b0,
0x000001726be20ac0, 0x000001726be20430, 0x000001726be217e0, 0x000001726be23220,
0x000001726f0d5750, 0x000001726f0d5de0, 0x000001726f0d6470, 0x000001726f0d2ff0,
0x000001726d5a7020, 0x000001726ea67f50, 0x000001726ea69300, 0x000001726ea6a020,
0x00000172744ab450, 0x00000172744adbb0, 0x00000172744ae240, 0x000001726d5a5c70,
0x000001726d5ab1c0, 0x000001726d5a4f50, 0x000001726ea6a6b0, 0x000001726ea68c70,
0x000001726ea6ad40, 0x000001726ea678c0, 0x000001726ea6ba60, 0x000001726ea6c0f0,
0x000001726ea6c780, 0x000001726ea6e850, 0x000001726ea6d4a0, 0x00000172744aa0a0,
0x00000172744aa730, 0x00000172744ae8d0, 0x00000172744af5f0, 0x00000172744b1030,
0x000001726f0d50c0, 0x000001726f0d3680, 0x000001726f0d7190, 0x000001726f0d7820,
0x000001726f0d7eb0, 0x000001726ea685e0, 0x000001726ea6e1c0, 0x000001726ea6eee0,
0x000001726d5aab30, 0x000001726d5a8a60, 0x000001726ee51a10, 0x000001726ee53ae0,
0x000001726ee52730
}

Java Threads: ( => current thread )
  0x000001724de52410 JavaThread "main"                              [_thread_blocked, id=6488, stack(0x00000028d4b00000,0x00000028d4c00000) (1024K)]
  0x00000172666f0080 JavaThread "Reference Handler"          daemon [_thread_blocked, id=15528, stack(0x00000028d4f00000,0x00000028d5000000) (1024K)]
  0x00000172666f3330 JavaThread "Finalizer"                  daemon [_thread_blocked, id=3876, stack(0x00000028d5000000,0x00000028d5100000) (1024K)]
  0x00000172666f3f80 JavaThread "Signal Dispatcher"          daemon [_thread_blocked, id=16792, stack(0x00000028d5100000,0x00000028d5200000) (1024K)]
  0x00000172666f4bd0 JavaThread "Attach Listener"            daemon [_thread_blocked, id=11192, stack(0x00000028d5200000,0x00000028d5300000) (1024K)]
  0x00000172666f5820 JavaThread "Service Thread"             daemon [_thread_blocked, id=6952, stack(0x00000028d5300000,0x00000028d5400000) (1024K)]
  0x00000172666fb7f0 JavaThread "Monitor Deflation Thread"   daemon [_thread_blocked, id=2300, stack(0x00000028d5400000,0x00000028d5500000) (1024K)]
  0x00000172666fe890 JavaThread "C2 CompilerThread0"         daemon [_thread_blocked, id=15536, stack(0x00000028d5500000,0x00000028d5600000) (1024K)]
  0x0000017266703060 JavaThread "C1 CompilerThread0"         daemon [_thread_blocked, id=21684, stack(0x00000028d5600000,0x00000028d5700000) (1024K)]
  0x00000172667df570 JavaThread "Common-Cleaner"             daemon [_thread_blocked, id=268, stack(0x00000028d5700000,0x00000028d5800000) (1024K)]
  0x0000017266a43a20 JavaThread "Notification Thread"        daemon [_thread_blocked, id=23876, stack(0x00000028d5900000,0x00000028d5a00000) (1024K)]
  0x000001726b72cf40 JavaThread "Active Thread: Equinox Container: f33ebadd-1e75-404f-8a06-c0a48fd4a0c4"        [_thread_blocked, id=25060, stack(0x00000028d6100000,0x00000028d6200000) (1024K)]
  0x000001726b72c8b0 JavaThread "Refresh Thread: Equinox Container: f33ebadd-1e75-404f-8a06-c0a48fd4a0c4" daemon [_thread_blocked, id=256, stack(0x00000028d6300000,0x00000028d6400000) (1024K)]
  0x000001726b72e980 JavaThread "Framework Event Dispatcher: Equinox Container: f33ebadd-1e75-404f-8a06-c0a48fd4a0c4" daemon [_thread_blocked, id=24872, stack(0x00000028d6400000,0x00000028d6500000) (1024K)]
  0x000001726b72dc60 JavaThread "Start Level: Equinox Container: f33ebadd-1e75-404f-8a06-c0a48fd4a0c4" daemon [_thread_blocked, id=11792, stack(0x00000028d6500000,0x00000028d6600000) (1024K)]
  0x000001726b72e2f0 JavaThread "Bundle File Closer"         daemon [_thread_blocked, id=25000, stack(0x00000028d6800000,0x00000028d6900000) (1024K)]
  0x000001726b72b500 JavaThread "SCR Component Actor"        daemon [_thread_blocked, id=7672, stack(0x00000028d6900000,0x00000028d6a00000) (1024K)]
  0x000001726b72c220 JavaThread "Worker-JM"                         [_thread_blocked, id=13576, stack(0x00000028d6b00000,0x00000028d6c00000) (1024K)]
  0x000001726be1cfb0 JavaThread "JNA Cleaner"                daemon [_thread_blocked, id=14360, stack(0x00000028d6c00000,0x00000028d6d00000) (1024K)]
  0x000001726be1dcd0 JavaThread "Java indexing"              daemon [_thread_blocked, id=17232, stack(0x00000028d6f00000,0x00000028d7000000) (1024K)]
  0x000001726be1e9f0 JavaThread "Thread-2"                   daemon [_thread_in_native, id=8776, stack(0x00000028d7500000,0x00000028d7600000) (1024K)]
  0x000001726be1f080 JavaThread "Thread-3"                   daemon [_thread_in_native, id=22248, stack(0x00000028d7600000,0x00000028d7700000) (1024K)]
  0x000001726be1c920 JavaThread "Thread-4"                   daemon [_thread_in_native, id=16072, stack(0x00000028d7700000,0x00000028d7800000) (1024K)]
  0x000001726be21150 JavaThread "Thread-5"                   daemon [_thread_in_native, id=25024, stack(0x00000028d7800000,0x00000028d7900000) (1024K)]
  0x000001726be21e70 JavaThread "Thread-6"                   daemon [_thread_in_native, id=1788, stack(0x00000028d7900000,0x00000028d7a00000) (1024K)]
  0x000001726be22500 JavaThread "Thread-7"                   daemon [_thread_in_native, id=5892, stack(0x00000028d7a00000,0x00000028d7b00000) (1024K)]
  0x000001726be22b90 JavaThread "Thread-8"                   daemon [_thread_in_native, id=18456, stack(0x00000028d7b00000,0x00000028d7c00000) (1024K)]
  0x000001726be238b0 JavaThread "Thread-9"                   daemon [_thread_in_native, id=13920, stack(0x00000028d7c00000,0x00000028d7d00000) (1024K)]
  0x000001726be20ac0 JavaThread "Thread-10"                  daemon [_thread_in_native, id=23324, stack(0x00000028d7d00000,0x00000028d7e00000) (1024K)]
  0x000001726be20430 JavaThread "Thread-11"                  daemon [_thread_in_native, id=23492, stack(0x00000028d7e00000,0x00000028d7f00000) (1024K)]
  0x000001726be217e0 JavaThread "Thread-12"                  daemon [_thread_in_native, id=21848, stack(0x00000028d7f00000,0x00000028d8000000) (1024K)]
  0x000001726be23220 JavaThread "Thread-13"                  daemon [_thread_in_native, id=16052, stack(0x00000028d8000000,0x00000028d8100000) (1024K)]
  0x000001726f0d5750 JavaThread "Thread-14"                  daemon [_thread_in_native, id=24344, stack(0x00000028d8100000,0x00000028d8200000) (1024K)]
  0x000001726f0d5de0 JavaThread "pool-2-thread-1"                   [_thread_blocked, id=20268, stack(0x00000028d8200000,0x00000028d8300000) (1024K)]
  0x000001726f0d6470 JavaThread "WorkspaceEventsHandler"            [_thread_blocked, id=24700, stack(0x00000028d8300000,0x00000028d8400000) (1024K)]
  0x000001726f0d2ff0 JavaThread "pool-1-thread-1"                   [_thread_blocked, id=17284, stack(0x00000028d8400000,0x00000028d8500000) (1024K)]
  0x000001726d5a7020 JavaThread "Cleaner-0"                  daemon [_thread_blocked, id=22904, stack(0x00000028db300000,0x00000028db400000) (1024K)]
  0x000001726ea67f50 JavaThread "ForkJoinPool.commonPool-worker-14" daemon [_thread_blocked, id=24936, stack(0x00000028d4800000,0x00000028d4900000) (1024K)]
  0x000001726ea69300 JavaThread "ForkJoinPool.commonPool-worker-16" daemon [_thread_blocked, id=27004, stack(0x00000028d5800000,0x00000028d5900000) (1024K)]
  0x000001726ea6a020 JavaThread "ForkJoinPool.commonPool-worker-17" daemon [_thread_blocked, id=26452, stack(0x00000028d6a00000,0x00000028d6b00000) (1024K)]
  0x00000172744ab450 JavaThread "ForkJoinPool.commonPool-worker-19" daemon [_thread_blocked, id=25720, stack(0x00000028d8d00000,0x00000028d8e00000) (1024K)]
  0x00000172744adbb0 JavaThread "ForkJoinPool.commonPool-worker-21" daemon [_thread_blocked, id=27276, stack(0x00000028d8f00000,0x00000028d9000000) (1024K)]
  0x00000172744ae240 JavaThread "ForkJoinPool.commonPool-worker-22" daemon [_thread_blocked, id=27632, stack(0x00000028d9000000,0x00000028d9100000) (1024K)]
  0x000001726d5a5c70 JavaThread "Worker-16"                         [_thread_blocked, id=13296, stack(0x00000028d4900000,0x00000028d4a00000) (1024K)]
  0x000001726d5ab1c0 JavaThread "Worker-17: Publish Diagnostics"        [_thread_blocked, id=26580, stack(0x00000028d5a00000,0x00000028d5b00000) (1024K)]
  0x000001726d5a4f50 JavaThread "Worker-18"                         [_thread_blocked, id=26556, stack(0x00000028d4a00000,0x00000028d4b00000) (1024K)]
  0x000001726ea6a6b0 JavaThread "ForkJoinPool.commonPool-worker-25" daemon [_thread_blocked, id=26372, stack(0x00000028d6d00000,0x00000028d6e00000) (1024K)]
  0x000001726ea68c70 JavaThread "ForkJoinPool.commonPool-worker-26" daemon [_thread_blocked, id=8272, stack(0x00000028d6e00000,0x00000028d6f00000) (1024K)]
  0x000001726ea6ad40 JavaThread "ForkJoinPool.commonPool-worker-27" daemon [_thread_blocked, id=11556, stack(0x00000028d7000000,0x00000028d7100000) (1024K)]
  0x000001726ea678c0 JavaThread "ForkJoinPool.commonPool-worker-28" daemon [_thread_blocked, id=20704, stack(0x00000028d7100000,0x00000028d7200000) (1024K)]
  0x000001726ea6ba60 JavaThread "ForkJoinPool.commonPool-worker-29" daemon [_thread_blocked, id=17172, stack(0x00000028d7200000,0x00000028d7300000) (1024K)]
  0x000001726ea6c0f0 JavaThread "Worker-19"                         [_thread_blocked, id=9728, stack(0x00000028d7300000,0x00000028d7400000) (1024K)]
  0x000001726ea6c780 JavaThread "Compiler Source File Reader" daemon [_thread_blocked, id=1988, stack(0x00000028d7400000,0x00000028d7500000) (1024K)]
  0x000001726ea6e850 JavaThread "Compiler Processing Task"   daemon [_thread_blocked, id=12432, stack(0x00000028d8600000,0x00000028d8700000) (1024K)]
  0x000001726ea6d4a0 JavaThread "Worker-20"                         [_thread_blocked, id=26244, stack(0x00000028d8700000,0x00000028d8800000) (1024K)]
  0x00000172744aa0a0 JavaThread "Worker-21"                         [_thread_blocked, id=25532, stack(0x00000028d9100000,0x00000028d9200000) (1024K)]
  0x00000172744aa730 JavaThread "Compiler Source File Reader" daemon [_thread_blocked, id=13536, stack(0x00000028d8c00000,0x00000028d8d00000) (1024K)]
  0x00000172744ae8d0 JavaThread "Compiler Source File Reader" daemon [_thread_blocked, id=11844, stack(0x00000028d8e00000,0x00000028d8f00000) (1024K)]
  0x00000172744af5f0 JavaThread "Worker-22"                         [_thread_blocked, id=26104, stack(0x00000028d9200000,0x00000028d9300000) (1024K)]
  0x00000172744b1030 JavaThread "Compiler Source File Reader" daemon [_thread_blocked, id=16432, stack(0x00000028d8a00000,0x00000028d8b00000) (1024K)]
  0x000001726f0d50c0 JavaThread "Compiler Source File Reader" daemon [_thread_blocked, id=9092, stack(0x00000028d8800000,0x00000028d8900000) (1024K)]
  0x000001726f0d3680 JavaThread "Compiler Source File Reader" daemon [_thread_blocked, id=26148, stack(0x00000028d8500000,0x00000028d8600000) (1024K)]
  0x000001726f0d7190 JavaThread "Compiler Source File Reader" daemon [_thread_blocked, id=23944, stack(0x00000028d8b00000,0x00000028d8c00000) (1024K)]
  0x000001726f0d7820 JavaThread "Compiler Source File Reader" daemon [_thread_blocked, id=8484, stack(0x00000028d9300000,0x00000028d9400000) (1024K)]
  0x000001726f0d7eb0 JavaThread "Compiler Source File Reader" daemon [_thread_blocked, id=3216, stack(0x00000028d9400000,0x00000028d9500000) (1024K)]
  0x000001726ea685e0 JavaThread "Compiler Source File Reader" daemon [_thread_blocked, id=9360, stack(0x00000028d9500000,0x00000028d9600000) (1024K)]
  0x000001726ea6e1c0 JavaThread "Java Debug Server"          daemon [_thread_in_native, id=24844, stack(0x00000028d9600000,0x00000028d9700000) (1024K)]
  0x000001726ea6eee0 JavaThread "pool-5-thread-1"                   [_thread_blocked, id=13148, stack(0x00000028d9700000,0x00000028d9800000) (1024K)]
  0x000001726d5aab30 JavaThread "RxSchedulerPurge-1"         daemon [_thread_blocked, id=27076, stack(0x00000028d9900000,0x00000028d9a00000) (1024K)]
  0x000001726d5a8a60 JavaThread "RxCachedWorkerPoolEvictor-1" daemon [_thread_blocked, id=25016, stack(0x00000028d9a00000,0x00000028d9b00000) (1024K)]
  0x000001726ee51a10 JavaThread "process reaper"             daemon [_thread_blocked, id=21908, stack(0x00000028d45b0000,0x00000028d45d0000) (128K)]
  0x000001726ee53ae0 JavaThread "pool-1-thread-11"                  [_thread_blocked, id=27072, stack(0x00000028d9c00000,0x00000028d9d00000) (1024K)]
  0x000001726ee52730 JavaThread "pool-1-thread-12"                  [_thread_blocked, id=24088, stack(0x00000028d9800000,0x00000028d9900000) (1024K)]
Total: 73

Other Threads:
  0x000001724dde4540 VMThread "VM Thread"                           [id=17004, stack(0x00000028d4e00000,0x00000028d4f00000) (1024K)]
  0x000001724dcdca00 WatcherThread "VM Periodic Task Thread"        [id=8304, stack(0x00000028d4d00000,0x00000028d4e00000) (1024K)]
=>0x000001724de705b0 WorkerThread "GC Thread#0"                     [id=11916, stack(0x00000028d4c00000,0x00000028d4d00000) (1024K)]
  0x000001726b06df00 WorkerThread "GC Thread#1"                     [id=15220, stack(0x00000028d5b00000,0x00000028d5c00000) (1024K)]
  0x000001726b6b0330 WorkerThread "GC Thread#2"                     [id=6740, stack(0x00000028d5c00000,0x00000028d5d00000) (1024K)]
  0x000001726b06e2a0 WorkerThread "GC Thread#3"                     [id=25140, stack(0x00000028d5d00000,0x00000028d5e00000) (1024K)]
  0x000001726b06e640 WorkerThread "GC Thread#4"                     [id=21616, stack(0x00000028d5e00000,0x00000028d5f00000) (1024K)]
  0x000001726b56ad20 WorkerThread "GC Thread#5"                     [id=10152, stack(0x00000028d5f00000,0x00000028d6000000) (1024K)]
  0x000001726b6e0580 WorkerThread "GC Thread#6"                     [id=16544, stack(0x00000028d6000000,0x00000028d6100000) (1024K)]
  0x000001726b6e0920 WorkerThread "GC Thread#7"                     [id=10932, stack(0x00000028d6200000,0x00000028d6300000) (1024K)]
  0x000001726b6e0cc0 WorkerThread "GC Thread#8"                     [id=14508, stack(0x00000028d6600000,0x00000028d6700000) (1024K)]
  0x000001726b6e01e0 WorkerThread "GC Thread#9"                     [id=24776, stack(0x00000028d6700000,0x00000028d6800000) (1024K)]
Total: 12

Threads with active compile tasks:
Total: 0

VM state: at safepoint (normal execution)

VM Mutex/Monitor currently owned by a thread:  ([mutex/lock_event])
[0x00007ffaedb3e308] Threads_lock - owner thread: 0x000001724dde4540
[0x00007ffaedb3e408] Heap_lock - owner thread: 0x000001726d5ab1c0

Heap address: 0x0000000080000000, size: 2048 MB, Compressed Oops mode: 32-bit

CDS archive(s) mapped at: [0x0000017200000000-0x0000017200ba0000-0x0000017200ba0000), size 12189696, SharedBaseAddress: 0x0000017200000000, ArchiveRelocationMode: 1.
Compressed class space mapped at: 0x0000017201000000-0x0000017241000000, reserved size: 1073741824
Narrow klass base: 0x0000017200000000, Narrow klass shift: 0, Narrow klass range: 0x100000000

GC Precious Log:
 CardTable entry size: 512
 CPUs: 12 total, 12 available
 Memory: 32691M
 Large Page Support: Disabled
 NUMA Support: Disabled
 Compressed Oops: Enabled (32-bit)
 Alignments: Space 512K, Generation 512K, Heap 2M
 Heap Min Capacity: 100M
 Heap Initial Capacity: 100M
 Heap Max Capacity: 2G
 Pre-touch: Disabled
 Parallel Workers: 10

Heap:
 PSYoungGen      total 4608K, used 4212K [0x00000000d5580000, 0x00000000d5b00000, 0x0000000100000000)
  eden space 3584K, 100% used [0x00000000d5580000,0x00000000d5900000,0x00000000d5900000)
  from space 1024K, 61% used [0x00000000d5a00000,0x00000000d5a9d200,0x00000000d5b00000)
  to   space 1024K, 73% used [0x00000000d5900000,0x00000000d59bd200,0x00000000d5a00000)
 ParOldGen       total 865280K, used 864944K [0x0000000080000000, 0x00000000b4d00000, 0x00000000d5580000)
  object space 865280K, 99% used [0x0000000080000000,0x00000000b4cac1c0,0x00000000b4d00000)
 Metaspace       used 102685K, committed 104448K, reserved 1179648K
  class space    used 10095K, committed 10944K, reserved 1048576K

Card table byte_map: [0x000001724d7f0000,0x000001724dc00000] _byte_map_base: 0x000001724d3f0000

Marking Bits: (ParMarkBitMap*) 0x00007ffaedb431f0
 Begin Bits: [0x00000172602f0000, 0x00000172622f0000)
 End Bits:   [0x00000172622f0000, 0x00000172642f0000)

Polling page: 0x000001724bc30000

Metaspace:

Usage:
  Non-class:     90.42 MB used.
      Class:      9.86 MB used.
       Both:    100.28 MB used.

Virtual space:
  Non-class space:      128.00 MB reserved,      91.31 MB ( 71%) committed,  2 nodes.
      Class space:        1.00 GB reserved,      10.69 MB (  1%) committed,  1 nodes.
             Both:        1.12 GB reserved,     102.00 MB (  9%) committed. 

Chunk freelists:
   Non-Class:  3.85 MB
       Class:  5.24 MB
        Both:  9.08 MB

MaxMetaspaceSize: unlimited
CompressedClassSpaceSize: 1.00 GB
Initial GC threshold: 21.00 MB
Current GC threshold: 164.50 MB
CDS: on
 - commit_granule_bytes: 65536.
 - commit_granule_words: 8192.
 - virtual_space_node_default_size: 8388608.
 - enlarge_chunks_in_place: 1.
 - use_allocation_guard: 0.


Internal statistics:

num_allocs_failed_limit: 13.
num_arena_births: 2280.
num_arena_deaths: 566.
num_vsnodes_births: 3.
num_vsnodes_deaths: 0.
num_space_committed: 1632.
num_space_uncommitted: 0.
num_chunks_returned_to_freelist: 692.
num_chunks_taken_from_freelist: 7683.
num_chunk_merges: 208.
num_chunk_splits: 4366.
num_chunks_enlarged: 2331.
num_inconsistent_stats: 0.

CodeHeap 'non-profiled nmethods': size=120000Kb used=21815Kb max_used=24247Kb free=98184Kb
 bounds [0x0000017258b10000, 0x000001725a2e0000, 0x0000017260040000]
CodeHeap 'profiled nmethods': size=120000Kb used=35437Kb max_used=53087Kb free=84562Kb
 bounds [0x0000017251040000, 0x0000017254420000, 0x0000017258570000]
CodeHeap 'non-nmethods': size=5760Kb used=1564Kb max_used=1627Kb free=4196Kb
 bounds [0x0000017258570000, 0x00000172587e0000, 0x0000017258b10000]
 total_blobs=16417 nmethods=15525 adapters=790
 compilation: enabled
              stopped_count=0, restarted_count=0
 full_count=0

Compilation events (20 events):
Event: 7340.446 Thread 0x00000172666fe890 31392   !   4       org.eclipse.core.runtime.SafeRunner::run (20 bytes)
Event: 7340.447 Thread 0x00000172666fe890 nmethod 31392 0x0000017259030310 code [0x00000172590304c0, 0x00000172590305d8]
Event: 7340.455 Thread 0x0000017266703060 31393   !   3       org.eclipse.jdt.internal.compiler.lookup.ConstraintExpressionFormula::reduceReferenceExpressionCompatibility (710 bytes)
Event: 7340.456 Thread 0x00000172666fe890 31395       4       org.eclipse.jdt.internal.core.SourceType::isInterface (44 bytes)
Event: 7340.457 Thread 0x0000017266703060 nmethod 31393 0x000001725249cf90 code [0x000001725249d600, 0x00000172524a1280]
Event: 7340.457 Thread 0x0000017266703060 31394   !   3       org.eclipse.jdt.internal.compiler.ast.MethodDeclaration::analyseCode (948 bytes)
Event: 7340.459 Thread 0x0000017266703060 nmethod 31394 0x00000172532aba90 code [0x00000172532ac0e0, 0x00000172532afff0]
Event: 7340.461 Thread 0x00000172666fe890 nmethod 31395 0x0000017259647790 code [0x0000017259647a00, 0x0000017259648198]
Event: 7340.702 Thread 0x00000172666fe890 31396       4       org.eclipse.jdt.internal.compiler.lookup.ReferenceBinding$2::compare (13 bytes)
Event: 7340.704 Thread 0x00000172666fe890 nmethod 31396 0x0000017258e81290 code [0x0000017258e81440, 0x0000017258e81650]
Event: 7340.704 Thread 0x00000172666fe890 31397       4       org.eclipse.jdt.internal.compiler.lookup.LookupEnvironment::computePackageFrom (584 bytes)
Event: 7340.706 Thread 0x0000017266703060 31399       3       org.eclipse.jdt.internal.corext.dom.GenericVisitor::visit (6 bytes)
Event: 7340.706 Thread 0x0000017266703060 nmethod 31399 0x0000017251f9fe90 code [0x0000017251fa0040, 0x0000017251fa0208]
Event: 7340.726 Thread 0x00000172666fe890 nmethod 31397 0x0000017259a72110 code [0x0000017259a72580, 0x0000017259a74500]
Event: 7340.726 Thread 0x00000172666fe890 31401       4       org.eclipse.lsp4j.jsonrpc.json.adapters.CollectionTypeAdapter::write (10 bytes)
Event: 7340.727 Thread 0x00000172666fe890 nmethod 31401 0x0000017259452110 code [0x00000172594522a0, 0x00000172594523b0]
Event: 7340.727 Thread 0x00000172666fe890 31400       4       java.text.Format::format (24 bytes)
Event: 7340.733 Thread 0x00000172666fe890 nmethod 31400 0x0000017259189b90 code [0x0000017259189e40, 0x000001725918abe0]
Event: 7340.733 Thread 0x00000172666fe890 31398       4       org.eclipse.jdt.core.dom.ASTConverter::setTypeForMethodDeclaration (258 bytes)
Event: 7340.734 Thread 0x00000172666fe890 nmethod 31398 0x00000172590b9c10 code [0x00000172590b9dc0, 0x00000172590b9ef8]

GC Heap History (20 events):
Event: 7338.139 GC heap after
{Heap after GC invocations=7122 (full 9):
 PSYoungGen      total 4608K, used 660K [0x00000000d5580000, 0x00000000d5b00000, 0x0000000100000000)
  eden space 3584K, 0% used [0x00000000d5580000,0x00000000d5580000,0x00000000d5900000)
  from space 1024K, 64% used [0x00000000d5980000,0x00000000d5a25200,0x00000000d5a80000)
  to   space 512K, 0% used [0x00000000d5a80000,0x00000000d5a80000,0x00000000d5b00000)
 ParOldGen       total 860672K, used 860295K [0x0000000080000000, 0x00000000b4880000, 0x00000000d5580000)
  object space 860672K, 99% used [0x0000000080000000,0x00000000b4821e40,0x00000000b4880000)
 Metaspace       used 102679K, committed 104448K, reserved 1179648K
  class space    used 10095K, committed 10944K, reserved 1048576K
}
Event: 7338.142 GC heap before
{Heap before GC invocations=7123 (full 9):
 PSYoungGen      total 4608K, used 4244K [0x00000000d5580000, 0x00000000d5b00000, 0x0000000100000000)
  eden space 3584K, 100% used [0x00000000d5580000,0x00000000d5900000,0x00000000d5900000)
  from space 1024K, 64% used [0x00000000d5980000,0x00000000d5a25200,0x00000000d5a80000)
  to   space 512K, 0% used [0x00000000d5a80000,0x00000000d5a80000,0x00000000d5b00000)
 ParOldGen       total 860672K, used 860295K [0x0000000080000000, 0x00000000b4880000, 0x00000000d5580000)
  object space 860672K, 99% used [0x0000000080000000,0x00000000b4821e40,0x00000000b4880000)
 Metaspace       used 102679K, committed 104448K, reserved 1179648K
  class space    used 10095K, committed 10944K, reserved 1048576K
}
Event: 7338.143 GC heap after
{Heap after GC invocations=7123 (full 9):
 PSYoungGen      total 4096K, used 512K [0x00000000d5580000, 0x00000000d5c00000, 0x0000000100000000)
  eden space 3584K, 0% used [0x00000000d5580000,0x00000000d5580000,0x00000000d5900000)
  from space 512K, 100% used [0x00000000d5a80000,0x00000000d5b00000,0x00000000d5b00000)
  to   space 1536K, 0% used [0x00000000d5900000,0x00000000d5900000,0x00000000d5a80000)
 ParOldGen       total 861184K, used 860788K [0x0000000080000000, 0x00000000b4900000, 0x00000000d5580000)
  object space 861184K, 99% used [0x0000000080000000,0x00000000b489d040,0x00000000b4900000)
 Metaspace       used 102679K, committed 104448K, reserved 1179648K
  class space    used 10095K, committed 10944K, reserved 1048576K
}
Event: 7338.147 GC heap before
{Heap before GC invocations=7124 (full 9):
 PSYoungGen      total 4096K, used 4096K [0x00000000d5580000, 0x00000000d5c00000, 0x0000000100000000)
  eden space 3584K, 100% used [0x00000000d5580000,0x00000000d5900000,0x00000000d5900000)
  from space 512K, 100% used [0x00000000d5a80000,0x00000000d5b00000,0x00000000d5b00000)
  to   space 1536K, 0% used [0x00000000d5900000,0x00000000d5900000,0x00000000d5a80000)
 ParOldGen       total 861184K, used 860788K [0x0000000080000000, 0x00000000b4900000, 0x00000000d5580000)
  object space 861184K, 99% used [0x0000000080000000,0x00000000b489d040,0x00000000b4900000)
 Metaspace       used 102679K, committed 104448K, reserved 1179648K
  class space    used 10095K, committed 10944K, reserved 1048576K
}
Event: 7338.148 GC heap after
{Heap after GC invocations=7124 (full 9):
 PSYoungGen      total 4608K, used 948K [0x00000000d5580000, 0x00000000d5b00000, 0x0000000100000000)
  eden space 3584K, 0% used [0x00000000d5580000,0x00000000d5580000,0x00000000d5900000)
  from space 1024K, 92% used [0x00000000d5900000,0x00000000d59ed200,0x00000000d5a00000)
  to   space 1024K, 0% used [0x00000000d5a00000,0x00000000d5a00000,0x00000000d5b00000)
 ParOldGen       total 861696K, used 861284K [0x0000000080000000, 0x00000000b4980000, 0x00000000d5580000)
  object space 861696K, 99% used [0x0000000080000000,0x00000000b4919050,0x00000000b4980000)
 Metaspace       used 102679K, committed 104448K, reserved 1179648K
  class space    used 10095K, committed 10944K, reserved 1048576K
}
Event: 7339.008 GC heap before
{Heap before GC invocations=7125 (full 9):
 PSYoungGen      total 4608K, used 4532K [0x00000000d5580000, 0x00000000d5b00000, 0x0000000100000000)
  eden space 3584K, 100% used [0x00000000d5580000,0x00000000d5900000,0x00000000d5900000)
  from space 1024K, 92% used [0x00000000d5900000,0x00000000d59ed200,0x00000000d5a00000)
  to   space 1024K, 0% used [0x00000000d5a00000,0x00000000d5a00000,0x00000000d5b00000)
 ParOldGen       total 861696K, used 861284K [0x0000000080000000, 0x00000000b4980000, 0x00000000d5580000)
  object space 861696K, 99% used [0x0000000080000000,0x00000000b4919050,0x00000000b4980000)
 Metaspace       used 102679K, committed 104448K, reserved 1179648K
  class space    used 10095K, committed 10944K, reserved 1048576K
}
Event: 7339.010 GC heap after
{Heap after GC invocations=7125 (full 9):
 PSYoungGen      total 4608K, used 570K [0x00000000d5580000, 0x00000000d5b00000, 0x0000000100000000)
  eden space 3584K, 0% used [0x00000000d5580000,0x00000000d5580000,0x00000000d5900000)
  from space 1024K, 55% used [0x00000000d5a00000,0x00000000d5a8e900,0x00000000d5b00000)
  to   space 1024K, 0% used [0x00000000d5900000,0x00000000d5900000,0x00000000d5a00000)
 ParOldGen       total 862208K, used 862016K [0x0000000080000000, 0x00000000b4a00000, 0x00000000d5580000)
  object space 862208K, 99% used [0x0000000080000000,0x00000000b49d0260,0x00000000b4a00000)
 Metaspace       used 102679K, committed 104448K, reserved 1179648K
  class space    used 10095K, committed 10944K, reserved 1048576K
}
Event: 7339.014 GC heap before
{Heap before GC invocations=7126 (full 9):
 PSYoungGen      total 4608K, used 4154K [0x00000000d5580000, 0x00000000d5b00000, 0x0000000100000000)
  eden space 3584K, 100% used [0x00000000d5580000,0x00000000d5900000,0x00000000d5900000)
  from space 1024K, 55% used [0x00000000d5a00000,0x00000000d5a8e900,0x00000000d5b00000)
  to   space 1024K, 0% used [0x00000000d5900000,0x00000000d5900000,0x00000000d5a00000)
 ParOldGen       total 862208K, used 862016K [0x0000000080000000, 0x00000000b4a00000, 0x00000000d5580000)
  object space 862208K, 99% used [0x0000000080000000,0x00000000b49d0260,0x00000000b4a00000)
 Metaspace       used 102679K, committed 104448K, reserved 1179648K
  class space    used 10095K, committed 10944K, reserved 1048576K
}
Event: 7339.015 GC heap after
{Heap after GC invocations=7126 (full 9):
 PSYoungGen      total 4608K, used 256K [0x00000000d5580000, 0x00000000d5a80000, 0x0000000100000000)
  eden space 3584K, 0% used [0x00000000d5580000,0x00000000d5580000,0x00000000d5900000)
  from space 1024K, 25% used [0x00000000d5900000,0x00000000d5940000,0x00000000d5a00000)
  to   space 512K, 0% used [0x00000000d5a00000,0x00000000d5a00000,0x00000000d5a80000)
 ParOldGen       total 862720K, used 862344K [0x0000000080000000, 0x00000000b4a80000, 0x00000000d5580000)
  object space 862720K, 99% used [0x0000000080000000,0x00000000b4a22260,0x00000000b4a80000)
 Metaspace       used 102679K, committed 104448K, reserved 1179648K
  class space    used 10095K, committed 10944K, reserved 1048576K
}
Event: 7340.442 GC heap before
{Heap before GC invocations=7127 (full 9):
 PSYoungGen      total 4608K, used 3840K [0x00000000d5580000, 0x00000000d5a80000, 0x0000000100000000)
  eden space 3584K, 100% used [0x00000000d5580000,0x00000000d5900000,0x00000000d5900000)
  from space 1024K, 25% used [0x00000000d5900000,0x00000000d5940000,0x00000000d5a00000)
  to   space 512K, 0% used [0x00000000d5a00000,0x00000000d5a00000,0x00000000d5a80000)
 ParOldGen       total 862720K, used 862344K [0x0000000080000000, 0x00000000b4a80000, 0x00000000d5580000)
  object space 862720K, 99% used [0x0000000080000000,0x00000000b4a22260,0x00000000b4a80000)
 Metaspace       used 102682K, committed 104448K, reserved 1179648K
  class space    used 10095K, committed 10944K, reserved 1048576K
}
Event: 7340.443 GC heap after
{Heap after GC invocations=7127 (full 9):
 PSYoungGen      total 4096K, used 506K [0x00000000d5580000, 0x00000000d5b00000, 0x0000000100000000)
  eden space 3584K, 0% used [0x00000000d5580000,0x00000000d5580000,0x00000000d5900000)
  from space 512K, 98% used [0x00000000d5a00000,0x00000000d5a7e900,0x00000000d5a80000)
  to   space 1024K, 0% used [0x00000000d5900000,0x00000000d5900000,0x00000000d5a00000)
 ParOldGen       total 862720K, used 862424K [0x0000000080000000, 0x00000000b4a80000, 0x00000000d5580000)
  object space 862720K, 99% used [0x0000000080000000,0x00000000b4a36260,0x00000000b4a80000)
 Metaspace       used 102682K, committed 104448K, reserved 1179648K
  class space    used 10095K, committed 10944K, reserved 1048576K
}
Event: 7340.448 GC heap before
{Heap before GC invocations=7128 (full 9):
 PSYoungGen      total 4096K, used 4090K [0x00000000d5580000, 0x00000000d5b00000, 0x0000000100000000)
  eden space 3584K, 100% used [0x00000000d5580000,0x00000000d5900000,0x00000000d5900000)
  from space 512K, 98% used [0x00000000d5a00000,0x00000000d5a7e900,0x00000000d5a80000)
  to   space 1024K, 0% used [0x00000000d5900000,0x00000000d5900000,0x00000000d5a00000)
 ParOldGen       total 862720K, used 862424K [0x0000000080000000, 0x00000000b4a80000, 0x00000000d5580000)
  object space 862720K, 99% used [0x0000000080000000,0x00000000b4a36260,0x00000000b4a80000)
 Metaspace       used 102682K, committed 104448K, reserved 1179648K
  class space    used 10095K, committed 10944K, reserved 1048576K
}
Event: 7340.449 GC heap after
{Heap after GC invocations=7128 (full 9):
 PSYoungGen      total 4608K, used 640K [0x00000000d5580000, 0x00000000d5b00000, 0x0000000100000000)
  eden space 3584K, 0% used [0x00000000d5580000,0x00000000d5580000,0x00000000d5900000)
  from space 1024K, 62% used [0x00000000d5900000,0x00000000d59a0000,0x00000000d5a00000)
  to   space 1024K, 0% used [0x00000000d5a00000,0x00000000d5a00000,0x00000000d5b00000)
 ParOldGen       total 863232K, used 862869K [0x0000000080000000, 0x00000000b4b00000, 0x00000000d5580000)
  object space 863232K, 99% used [0x0000000080000000,0x00000000b4aa5470,0x00000000b4b00000)
 Metaspace       used 102682K, committed 104448K, reserved 1179648K
  class space    used 10095K, committed 10944K, reserved 1048576K
}
Event: 7340.452 GC heap before
{Heap before GC invocations=7129 (full 9):
 PSYoungGen      total 4608K, used 4224K [0x00000000d5580000, 0x00000000d5b00000, 0x0000000100000000)
  eden space 3584K, 100% used [0x00000000d5580000,0x00000000d5900000,0x00000000d5900000)
  from space 1024K, 62% used [0x00000000d5900000,0x00000000d59a0000,0x00000000d5a00000)
  to   space 1024K, 0% used [0x00000000d5a00000,0x00000000d5a00000,0x00000000d5b00000)
 ParOldGen       total 863232K, used 862869K [0x0000000080000000, 0x00000000b4b00000, 0x00000000d5580000)
  object space 863232K, 99% used [0x0000000080000000,0x00000000b4aa5470,0x00000000b4b00000)
 Metaspace       used 102682K, committed 104448K, reserved 1179648K
  class space    used 10095K, committed 10944K, reserved 1048576K
}
Event: 7340.453 GC heap after
{Heap after GC invocations=7129 (full 9):
 PSYoungGen      total 4608K, used 698K [0x00000000d5580000, 0x00000000d5b00000, 0x0000000100000000)
  eden space 3584K, 0% used [0x00000000d5580000,0x00000000d5580000,0x00000000d5900000)
  from space 1024K, 68% used [0x00000000d5a00000,0x00000000d5aae900,0x00000000d5b00000)
  to   space 1024K, 0% used [0x00000000d5900000,0x00000000d5900000,0x00000000d5a00000)
 ParOldGen       total 863744K, used 863385K [0x0000000080000000, 0x00000000b4b80000, 0x00000000d5580000)
  object space 863744K, 99% used [0x0000000080000000,0x00000000b4b264f8,0x00000000b4b80000)
 Metaspace       used 102682K, committed 104448K, reserved 1179648K
  class space    used 10095K, committed 10944K, reserved 1048576K
}
Event: 7340.697 GC heap before
{Heap before GC invocations=7130 (full 9):
 PSYoungGen      total 4608K, used 4282K [0x00000000d5580000, 0x00000000d5b00000, 0x0000000100000000)
  eden space 3584K, 100% used [0x00000000d5580000,0x00000000d5900000,0x00000000d5900000)
  from space 1024K, 68% used [0x00000000d5a00000,0x00000000d5aae900,0x00000000d5b00000)
  to   space 1024K, 0% used [0x00000000d5900000,0x00000000d5900000,0x00000000d5a00000)
 ParOldGen       total 863744K, used 863385K [0x0000000080000000, 0x00000000b4b80000, 0x00000000d5580000)
  object space 863744K, 99% used [0x0000000080000000,0x00000000b4b264f8,0x00000000b4b80000)
 Metaspace       used 102684K, committed 104448K, reserved 1179648K
  class space    used 10095K, committed 10944K, reserved 1048576K
}
Event: 7340.698 GC heap after
{Heap after GC invocations=7130 (full 9):
 PSYoungGen      total 4608K, used 704K [0x00000000d5580000, 0x00000000d5b00000, 0x0000000100000000)
  eden space 3584K, 0% used [0x00000000d5580000,0x00000000d5580000,0x00000000d5900000)
  from space 1024K, 68% used [0x00000000d5900000,0x00000000d59b0000,0x00000000d5a00000)
  to   space 1024K, 0% used [0x00000000d5a00000,0x00000000d5a00000,0x00000000d5b00000)
 ParOldGen       total 864256K, used 863945K [0x0000000080000000, 0x00000000b4c00000, 0x00000000d5580000)
  object space 864256K, 99% used [0x0000000080000000,0x00000000b4bb2770,0x00000000b4c00000)
 Metaspace       used 102684K, committed 104448K, reserved 1179648K
  class space    used 10095K, committed 10944K, reserved 1048576K
}
Event: 7340.701 GC heap before
{Heap before GC invocations=7131 (full 9):
 PSYoungGen      total 4608K, used 4288K [0x00000000d5580000, 0x00000000d5b00000, 0x0000000100000000)
  eden space 3584K, 100% used [0x00000000d5580000,0x00000000d5900000,0x00000000d5900000)
  from space 1024K, 68% used [0x00000000d5900000,0x00000000d59b0000,0x00000000d5a00000)
  to   space 1024K, 0% used [0x00000000d5a00000,0x00000000d5a00000,0x00000000d5b00000)
 ParOldGen       total 864256K, used 863945K [0x0000000080000000, 0x00000000b4c00000, 0x00000000d5580000)
  object space 864256K, 99% used [0x0000000080000000,0x00000000b4bb2770,0x00000000b4c00000)
 Metaspace       used 102684K, committed 104448K, reserved 1179648K
  class space    used 10095K, committed 10944K, reserved 1048576K
}
Event: 7340.702 GC heap after
{Heap after GC invocations=7131 (full 9):
 PSYoungGen      total 4608K, used 628K [0x00000000d5580000, 0x00000000d5b00000, 0x0000000100000000)
  eden space 3584K, 0% used [0x00000000d5580000,0x00000000d5580000,0x00000000d5900000)
  from space 1024K, 61% used [0x00000000d5a00000,0x00000000d5a9d200,0x00000000d5b00000)
  to   space 1024K, 0% used [0x00000000d5900000,0x00000000d5900000,0x00000000d5a00000)
 ParOldGen       total 864768K, used 864443K [0x0000000080000000, 0x00000000b4c80000, 0x00000000d5580000)
  object space 864768K, 99% used [0x0000000080000000,0x00000000b4c2efb0,0x00000000b4c80000)
 Metaspace       used 102684K, committed 104448K, reserved 1179648K
  class space    used 10095K, committed 10944K, reserved 1048576K
}
Event: 7340.850 GC heap before
{Heap before GC invocations=7132 (full 9):
 PSYoungGen      total 4608K, used 4212K [0x00000000d5580000, 0x00000000d5b00000, 0x0000000100000000)
  eden space 3584K, 100% used [0x00000000d5580000,0x00000000d5900000,0x00000000d5900000)
  from space 1024K, 61% used [0x00000000d5a00000,0x00000000d5a9d200,0x00000000d5b00000)
  to   space 1024K, 0% used [0x00000000d5900000,0x00000000d5900000,0x00000000d5a00000)
 ParOldGen       total 864768K, used 864443K [0x0000000080000000, 0x00000000b4c80000, 0x00000000d5580000)
  object space 864768K, 99% used [0x0000000080000000,0x00000000b4c2efb0,0x00000000b4c80000)
 Metaspace       used 102685K, committed 104448K, reserved 1179648K
  class space    used 10095K, committed 10944K, reserved 1048576K
}

Dll operation events (12 events):
Event: 0.008 Loaded shared library c:\Users\ce651\.vscode\extensions\redhat.java-1.43.1-win32-x64\jre\21.0.7-win32-x86_64\bin\java.dll
Event: 0.056 Loaded shared library c:\Users\ce651\.vscode\extensions\redhat.java-1.43.1-win32-x64\jre\21.0.7-win32-x86_64\bin\zip.dll
Event: 0.072 Loaded shared library C:\Users\ce651\.vscode\extensions\redhat.java-1.43.1-win32-x64\jre\21.0.7-win32-x86_64\bin\instrument.dll
Event: 0.075 Loaded shared library C:\Users\ce651\.vscode\extensions\redhat.java-1.43.1-win32-x64\jre\21.0.7-win32-x86_64\bin\net.dll
Event: 0.077 Loaded shared library C:\Users\ce651\.vscode\extensions\redhat.java-1.43.1-win32-x64\jre\21.0.7-win32-x86_64\bin\nio.dll
Event: 0.080 Loaded shared library C:\Users\ce651\.vscode\extensions\redhat.java-1.43.1-win32-x64\jre\21.0.7-win32-x86_64\bin\zip.dll
Event: 0.090 Loaded shared library C:\Users\ce651\.vscode\extensions\redhat.java-1.43.1-win32-x64\jre\21.0.7-win32-x86_64\bin\jimage.dll
Event: 0.136 Loaded shared library c:\Users\ce651\.vscode\extensions\redhat.java-1.43.1-win32-x64\jre\21.0.7-win32-x86_64\bin\verify.dll
Event: 0.866 Loaded shared library C:\Users\ce651\AppData\Roaming\Code\User\globalStorage\redhat.java\1.43.1\config_win\org.eclipse.equinox.launcher\org.eclipse.equinox.launcher.win32.win32.x86_64_1.2.1300.v20250331-1702\eclipse_11911.dll
Event: 1.695 Loaded shared library C:\Users\ce651\AppData\Local\Temp\jna-94491056\jna18364022373579942764.dll
Event: 12.265 Loaded shared library C:\Users\ce651\.vscode\extensions\redhat.java-1.43.1-win32-x64\jre\21.0.7-win32-x86_64\bin\sunmscapi.dll
Event: 14.555 Loaded shared library C:\Users\ce651\.vscode\extensions\redhat.java-1.43.1-win32-x64\jre\21.0.7-win32-x86_64\bin\extnet.dll

Deoptimization events (20 events):
Event: 7328.948 Thread 0x000001726ea67f50 Uncommon trap: trap_request=0xffffffc6 fr.pc=0x000001725963bf00 relative=0x0000000000002a80
Event: 7328.948 Thread 0x000001726ea67f50 Uncommon trap: reason=bimorphic_or_optimized_type_check action=maybe_recompile pc=0x000001725963bf00 method=org.eclipse.jdt.core.search.SearchPattern.findIndexMatches(Lorg/eclipse/jdt/internal/core/index/Index;Lorg/eclipse/jdt/internal/core/search/IndexQu
Event: 7328.948 Thread 0x000001726ea67f50 DEOPT PACKING pc=0x000001725963bf00 sp=0x00000028d48fe720
Event: 7328.948 Thread 0x000001726ea67f50 DEOPT UNPACKING pc=0x00000172585c3aa2 sp=0x00000028d48fe6c8 mode 2
Event: 7330.050 Thread 0x000001726ea6c780 DEOPT PACKING pc=0x000001725419fecc sp=0x00000028d74ff560
Event: 7330.050 Thread 0x000001726ea6c780 DEOPT UNPACKING pc=0x00000172585c4242 sp=0x00000028d74fea20 mode 0
Event: 7330.062 Thread 0x000001726ea6e850 DEOPT PACKING pc=0x000001725419fecc sp=0x00000028d86ff170
Event: 7330.062 Thread 0x000001726ea6e850 DEOPT UNPACKING pc=0x00000172585c4242 sp=0x00000028d86fe630 mode 0
Event: 7330.064 Thread 0x00000172744aa730 DEOPT PACKING pc=0x000001725419fecc sp=0x00000028d8cfef30
Event: 7330.064 Thread 0x00000172744aa730 DEOPT UNPACKING pc=0x00000172585c4242 sp=0x00000028d8cfe3f0 mode 0
Event: 7331.119 Thread 0x00000172744ae8d0 DEOPT PACKING pc=0x000001725419fecc sp=0x00000028d8efef30
Event: 7331.119 Thread 0x00000172744ae8d0 DEOPT UNPACKING pc=0x00000172585c4242 sp=0x00000028d8efe3f0 mode 0
Event: 7331.889 Thread 0x000001726ea67f50 Uncommon trap: trap_request=0xffffffcc fr.pc=0x0000017259a5e69c relative=0x00000000000002dc
Event: 7331.889 Thread 0x000001726ea67f50 Uncommon trap: reason=intrinsic_or_type_checked_inlining action=make_not_entrant pc=0x0000017259a5e69c method=org.eclipse.jdt.internal.compiler.parser.Parser.consumeReduceImports()V @ 55 c2
Event: 7331.889 Thread 0x000001726ea67f50 DEOPT PACKING pc=0x0000017259a5e69c sp=0x00000028d48fde10
Event: 7331.889 Thread 0x000001726ea67f50 DEOPT UNPACKING pc=0x00000172585c3aa2 sp=0x00000028d48fdda0 mode 2
Event: 7337.764 Thread 0x00000172744adbb0 Uncommon trap: trap_request=0xffffff66 fr.pc=0x0000017259f0a378 relative=0x0000000000000878
Event: 7337.764 Thread 0x00000172744adbb0 Uncommon trap: reason=speculate_class_check action=maybe_recompile pc=0x0000017259f0a378 method=org.eclipse.jdt.internal.core.JavaElement.getElementInfo()Lorg/eclipse/jdt/internal/compiler/env/IElementInfo; @ 14 c2
Event: 7337.764 Thread 0x00000172744adbb0 DEOPT PACKING pc=0x0000017259f0a378 sp=0x00000028d8ffe830
Event: 7337.764 Thread 0x00000172744adbb0 DEOPT UNPACKING pc=0x00000172585c3aa2 sp=0x00000028d8ffe6f0 mode 2

Classes loaded (20 events):
Event: 7319.689 Loading class java/lang/ClassCircularityError
Event: 7319.689 Loading class java/lang/ClassCircularityError done
Event: 7319.774 Loading class java/nio/file/TempFileHelper
Event: 7319.774 Loading class java/nio/file/TempFileHelper done
Event: 7319.776 Loading class java/util/stream/SliceOps
Event: 7319.776 Loading class java/util/stream/SliceOps done
Event: 7319.776 Loading class java/util/stream/SliceOps$1
Event: 7319.777 Loading class java/util/stream/SliceOps$1 done
Event: 7319.778 Loading class java/util/stream/SliceOps$1$1
Event: 7319.778 Loading class java/util/stream/SliceOps$1$1 done
Event: 7320.432 Loading class java/lang/ProcessHandleImpl$ExitCompletion
Event: 7320.433 Loading class java/lang/ProcessHandleImpl$ExitCompletion done
Event: 7320.433 Loading class java/lang/ProcessHandleImpl$1
Event: 7320.433 Loading class java/lang/ProcessHandleImpl$1 done
Event: 7320.726 Loading class java/util/concurrent/ScheduledThreadPoolExecutor$DelayedWorkQueue$Itr
Event: 7320.726 Loading class java/util/concurrent/ScheduledThreadPoolExecutor$DelayedWorkQueue$Itr done
Event: 7330.062 Loading class jdk/internal/module/IllegalAccessLogger
Event: 7330.062 Loading class jdk/internal/module/IllegalAccessLogger done
Event: 7331.127 Loading class jdk/internal/module/IllegalAccessLogger
Event: 7331.127 Loading class jdk/internal/module/IllegalAccessLogger done

Classes unloaded (20 events):
Event: 5905.884 Thread 0x000001724dde4540 Unloading class 0x000001720100d800 'java/lang/invoke/LambdaForm$MH+0x000001720100d800'
Event: 5905.884 Thread 0x000001724dde4540 Unloading class 0x000001720100d400 'java/lang/invoke/LambdaForm$MH+0x000001720100d400'
Event: 5905.884 Thread 0x000001724dde4540 Unloading class 0x000001720100d000 'java/lang/invoke/LambdaForm$MH+0x000001720100d000'
Event: 5905.884 Thread 0x000001724dde4540 Unloading class 0x000001720100cc00 'java/lang/invoke/LambdaForm$MH+0x000001720100cc00'
Event: 5905.884 Thread 0x000001724dde4540 Unloading class 0x000001720100c800 'java/lang/invoke/LambdaForm$BMH+0x000001720100c800'
Event: 5905.884 Thread 0x000001724dde4540 Unloading class 0x000001720100c000 'java/lang/invoke/LambdaForm$DMH+0x000001720100c000'
Event: 5905.884 Thread 0x000001724dde4540 Unloading class 0x0000017201008400 'java/lang/invoke/LambdaForm$MH+0x0000017201008400'
Event: 5905.884 Thread 0x000001724dde4540 Unloading class 0x0000017201008000 'java/lang/invoke/LambdaForm$MH+0x0000017201008000'
Event: 5905.884 Thread 0x000001724dde4540 Unloading class 0x0000017201007c00 'java/lang/invoke/LambdaForm$MH+0x0000017201007c00'
Event: 5905.884 Thread 0x000001724dde4540 Unloading class 0x0000017201006800 'java/lang/invoke/LambdaForm$MH+0x0000017201006800'
Event: 5905.884 Thread 0x000001724dde4540 Unloading class 0x0000017201006000 'java/lang/invoke/LambdaForm$MH+0x0000017201006000'
Event: 5905.884 Thread 0x000001724dde4540 Unloading class 0x0000017201005c00 'java/lang/invoke/LambdaForm$MH+0x0000017201005c00'
Event: 5905.884 Thread 0x000001724dde4540 Unloading class 0x0000017201005800 'java/lang/invoke/LambdaForm$MH+0x0000017201005800'
Event: 5905.884 Thread 0x000001724dde4540 Unloading class 0x0000017201005400 'java/lang/invoke/LambdaForm$BMH+0x0000017201005400'
Event: 5905.884 Thread 0x000001724dde4540 Unloading class 0x0000017201004000 'java/lang/invoke/LambdaForm$DMH+0x0000017201004000'
Event: 5905.884 Thread 0x000001724dde4540 Unloading class 0x0000017201002800 'java/lang/invoke/LambdaForm$MH+0x0000017201002800'
Event: 5905.884 Thread 0x000001724dde4540 Unloading class 0x0000017201002400 'java/lang/invoke/LambdaForm$MH+0x0000017201002400'
Event: 5905.884 Thread 0x000001724dde4540 Unloading class 0x0000017201002000 'java/lang/invoke/LambdaForm$MH+0x0000017201002000'
Event: 5905.884 Thread 0x000001724dde4540 Unloading class 0x0000017201001800 'java/lang/invoke/LambdaForm$MH+0x0000017201001800'
Event: 5905.884 Thread 0x000001724dde4540 Unloading class 0x0000017201000400 'java/lang/invoke/LambdaForm$MH+0x0000017201000400'

Classes redefined (0 events):
No events

Internal exceptions (20 events):
Event: 7319.578 Thread 0x000001726ea6a6b0 Exception <a 'java/lang/NoSuchMethodError'{0x00000000d5771020}: 'int java.lang.invoke.DirectMethodHandle$Holder.invokeStatic(java.lang.Object)'> (0x00000000d5771020) 
thrown [s\src\hotspot\share\interpreter\linkResolver.cpp, line 773]
Event: 7319.588 Thread 0x000001726ea6a6b0 Exception <a 'sun/nio/fs/WindowsException'{0x00000000d58ce0c0}> (0x00000000d58ce0c0) 
thrown [s\src\hotspot\share\prims\jni.cpp, line 520]
Event: 7319.588 Thread 0x000001726ea6a6b0 Exception <a 'sun/nio/fs/WindowsException'{0x00000000d58ceba8}> (0x00000000d58ceba8) 
thrown [s\src\hotspot\share\prims\jni.cpp, line 520]
Event: 7319.588 Thread 0x000001726ea6a6b0 Exception <a 'sun/nio/fs/WindowsException'{0x00000000d58cfe18}> (0x00000000d58cfe18) 
thrown [s\src\hotspot\share\prims\jni.cpp, line 520]
Event: 7319.588 Thread 0x000001726ea6a6b0 Exception <a 'sun/nio/fs/WindowsException'{0x00000000d58d0900}> (0x00000000d58d0900) 
thrown [s\src\hotspot\share\prims\jni.cpp, line 520]
Event: 7319.588 Thread 0x000001726ea6a6b0 Exception <a 'sun/nio/fs/WindowsException'{0x00000000d58d25a0}> (0x00000000d58d25a0) 
thrown [s\src\hotspot\share\prims\jni.cpp, line 520]
Event: 7319.588 Thread 0x000001726ea6a6b0 Exception <a 'sun/nio/fs/WindowsException'{0x00000000d58d2dd8}> (0x00000000d58d2dd8) 
thrown [s\src\hotspot\share\prims\jni.cpp, line 520]
Event: 7319.590 Thread 0x000001726ea6a6b0 Exception <a 'sun/nio/fs/WindowsException'{0x00000000d58f2868}> (0x00000000d58f2868) 
thrown [s\src\hotspot\share\prims\jni.cpp, line 520]
Event: 7319.590 Thread 0x000001726ea6a6b0 Exception <a 'sun/nio/fs/WindowsException'{0x00000000d58f3350}> (0x00000000d58f3350) 
thrown [s\src\hotspot\share\prims\jni.cpp, line 520]
Event: 7319.690 Thread 0x000001726ea6eee0 Exception <a 'java/io/FileNotFoundException'{0x00000000d5758f58}> (0x00000000d5758f58) 
thrown [s\src\hotspot\share\prims\jni.cpp, line 520]
Event: 7319.749 Thread 0x000001726ea6eee0 Exception <a 'java/lang/NoSuchMethodError'{0x00000000d5af1fc0}: 'java.lang.Object java.lang.invoke.DirectMethodHandle$Holder.invokeVirtual(java.lang.Object, java.lang.Object, java.lang.Object, java.lang.Object)'> (0x00000000d5af1fc0) 
thrown [s\src\hotspot\share\interpreter\linkResolver.cpp, line 773]
Event: 7319.768 Thread 0x000001726b72bb90 Exception <a 'java/lang/NoSuchMethodError'{0x00000000d5982460}: 'java.lang.Object java.lang.invoke.DirectMethodHandle$Holder.invokeStatic(java.lang.Object, long, java.lang.Object, java.lang.Object)'> (0x00000000d5982460) 
thrown [s\src\hotspot\share\interpreter\linkResolver.cpp, line 773]
Event: 7319.775 Thread 0x000001726b72bb90 Exception <a 'sun/nio/fs/WindowsException'{0x00000000d5a12120}> (0x00000000d5a12120) 
thrown [s\src\hotspot\share\prims\jni.cpp, line 520]
Event: 7319.775 Thread 0x000001726b72bb90 Exception <a 'sun/nio/fs/WindowsException'{0x00000000d5a13160}> (0x00000000d5a13160) 
thrown [s\src\hotspot\share\prims\jni.cpp, line 520]
Event: 7320.175 Thread 0x000001726ee52dc0 Exception <a 'java/lang/NoSuchMethodError'{0x00000000d5a905b0}: 'long java.lang.invoke.DelegatingMethodHandle$Holder.reinvoke_L(java.lang.Object, java.lang.Object)'> (0x00000000d5a905b0) 
thrown [s\src\hotspot\share\interpreter\linkResolver.cpp, line 773]
Event: 7320.175 Thread 0x000001726ee52dc0 Exception <a 'java/lang/NoSuchMethodError'{0x00000000d5a9a488}: 'void java.lang.invoke.DelegatingMethodHandle$Holder.reinvoke_L(java.lang.Object, java.lang.Object, long)'> (0x00000000d5a9a488) 
thrown [s\src\hotspot\share\interpreter\linkResolver.cpp, line 773]
Event: 7320.433 Thread 0x000001726ee52dc0 Exception <a 'java/lang/NoSuchMethodError'{0x00000000d55dd320}: 'long java.lang.invoke.Invokers$Holder.invokeExact_MT(java.lang.Object, java.lang.Object, java.lang.Object)'> (0x00000000d55dd320) 
thrown [s\src\hotspot\share\interpreter\linkResolver.cpp, line 773]
Event: 7328.946 Thread 0x000001726ea67f50 Exception <a 'java/lang/NoSuchMethodError'{0x00000000d5695310}: 'java.lang.Object java.lang.invoke.DirectMethodHandle$Holder.invokeStaticInit(java.lang.Object, java.lang.Object, java.lang.Object)'> (0x00000000d5695310) 
thrown [s\src\hotspot\share\interpreter\linkResolver.cpp, line 773]
Event: 7329.953 Thread 0x000001726be1dcd0 Exception <a 'sun/nio/fs/WindowsException'{0x00000000d56be920}> (0x00000000d56be920) 
thrown [s\src\hotspot\share\prims\jni.cpp, line 520]
Event: 7330.086 Thread 0x000001726be1dcd0 Exception <a 'sun/nio/fs/WindowsException'{0x00000000d55bfe38}> (0x00000000d55bfe38) 
thrown [s\src\hotspot\share\prims\jni.cpp, line 520]

ZGC Phase Switch (0 events):
No events

VM Operations (20 events):
Event: 7338.139 Executing VM operation: ParallelGCFailedAllocation (Allocation Failure) done
Event: 7338.142 Executing VM operation: ParallelGCFailedAllocation (Allocation Failure)
Event: 7338.143 Executing VM operation: ParallelGCFailedAllocation (Allocation Failure) done
Event: 7338.147 Executing VM operation: ParallelGCFailedAllocation (Allocation Failure)
Event: 7338.148 Executing VM operation: ParallelGCFailedAllocation (Allocation Failure) done
Event: 7339.008 Executing VM operation: ParallelGCFailedAllocation (Allocation Failure)
Event: 7339.010 Executing VM operation: ParallelGCFailedAllocation (Allocation Failure) done
Event: 7339.014 Executing VM operation: ParallelGCFailedAllocation (Allocation Failure)
Event: 7339.015 Executing VM operation: ParallelGCFailedAllocation (Allocation Failure) done
Event: 7340.442 Executing VM operation: ParallelGCFailedAllocation (Allocation Failure)
Event: 7340.443 Executing VM operation: ParallelGCFailedAllocation (Allocation Failure) done
Event: 7340.448 Executing VM operation: ParallelGCFailedAllocation (Allocation Failure)
Event: 7340.449 Executing VM operation: ParallelGCFailedAllocation (Allocation Failure) done
Event: 7340.452 Executing VM operation: ParallelGCFailedAllocation (Allocation Failure)
Event: 7340.453 Executing VM operation: ParallelGCFailedAllocation (Allocation Failure) done
Event: 7340.697 Executing VM operation: ParallelGCFailedAllocation (Allocation Failure)
Event: 7340.698 Executing VM operation: ParallelGCFailedAllocation (Allocation Failure) done
Event: 7340.701 Executing VM operation: ParallelGCFailedAllocation (Allocation Failure)
Event: 7340.702 Executing VM operation: ParallelGCFailedAllocation (Allocation Failure) done
Event: 7340.850 Executing VM operation: ParallelGCFailedAllocation (Allocation Failure)

Memory protections (0 events):
No events

Nmethod flushes (20 events):
Event: 7216.556 Thread 0x000001724dde4540 flushing  nmethod 0x0000017254367810
Event: 7216.556 Thread 0x000001724dde4540 flushing  nmethod 0x0000017254368a10
Event: 7216.556 Thread 0x000001724dde4540 flushing  nmethod 0x0000017254369810
Event: 7216.556 Thread 0x000001724dde4540 flushing  nmethod 0x000001725436c010
Event: 7216.556 Thread 0x000001724dde4540 flushing  nmethod 0x000001725436c410
Event: 7216.556 Thread 0x000001724dde4540 flushing  nmethod 0x000001725436c810
Event: 7216.556 Thread 0x000001724dde4540 flushing  nmethod 0x000001725436cc10
Event: 7216.556 Thread 0x000001724dde4540 flushing  nmethod 0x000001725436d010
Event: 7216.556 Thread 0x000001724dde4540 flushing  nmethod 0x00000172543b9e90
Event: 7216.556 Thread 0x000001724dde4540 flushing  nmethod 0x00000172543c4b10
Event: 7216.556 Thread 0x000001724dde4540 flushing  nmethod 0x00000172543c5290
Event: 7216.556 Thread 0x000001724dde4540 flushing  nmethod 0x00000172543cd210
Event: 7216.556 Thread 0x000001724dde4540 flushing  nmethod 0x00000172543d4e90
Event: 7216.556 Thread 0x000001724dde4540 flushing  nmethod 0x00000172543e4410
Event: 7216.556 Thread 0x000001724dde4540 flushing  nmethod 0x00000172543f1210
Event: 7216.556 Thread 0x000001724dde4540 flushing  nmethod 0x00000172543f7c10
Event: 7216.556 Thread 0x000001724dde4540 flushing  nmethod 0x00000172543ffd90
Event: 7216.556 Thread 0x000001724dde4540 flushing  nmethod 0x0000017254405910
Event: 7216.556 Thread 0x000001724dde4540 flushing  nmethod 0x000001725440c310
Event: 7216.556 Thread 0x000001724dde4540 flushing  nmethod 0x000001725441af90

Events (20 events):
Event: 7319.725 Thread 0x000001726ea6eee0 Thread added: 0x000001726d5aab30
Event: 7319.727 Thread 0x000001726ea6eee0 Thread added: 0x000001726d5a8a60
Event: 7319.767 Thread 0x000001726ea6eee0 Thread added: 0x000001726b72bb90
Event: 7319.780 Thread 0x000001726b72bb90 Thread added: 0x000001726ee54800
Event: 7320.174 Thread 0x000001726ea6eee0 Thread added: 0x000001726ee52dc0
Event: 7320.174 Thread 0x000001726ee54800 Thread exited: 0x000001726ee54800
Event: 7320.175 Thread 0x0000017266a91dc0 Thread exited: 0x0000017266a91dc0
Event: 7320.433 Thread 0x000001726ee52dc0 Thread added: 0x000001726ee51a10
Event: 7320.434 Thread 0x000001726ee52dc0 Thread exited: 0x000001726ee52dc0
Event: 7323.866 Thread 0x000001726b72bb90 Thread exited: 0x000001726b72bb90
Event: 7324.362 Thread 0x0000017266703060 Thread added: 0x0000017266a91dc0
Event: 7324.365 Thread 0x0000017266703060 Thread added: 0x0000017266a90950
Event: 7324.381 Thread 0x000001726f0d2ff0 Thread added: 0x000001726ee53ae0
Event: 7325.088 Thread 0x000001726ee53ae0 Thread added: 0x000001726ee51380
Event: 7325.088 Thread 0x000001726ee51380 Thread exited: 0x000001726ee51380
Event: 7325.162 Thread 0x000001726ee53ae0 Thread added: 0x000001726ee520a0
Event: 7325.163 Thread 0x0000017266a90950 Thread exited: 0x0000017266a90950
Event: 7325.684 Thread 0x0000017266a91dc0 Thread exited: 0x0000017266a91dc0
Event: 7325.687 Thread 0x000001726f0d2ff0 Thread added: 0x000001726ee52730
Event: 7340.195 Thread 0x000001726ee520a0 Thread exited: 0x000001726ee520a0


Dynamic libraries:
0x00007ff614a40000 - 0x00007ff614a4e000 	c:\Users\ce651\.vscode\extensions\redhat.java-1.43.1-win32-x64\jre\21.0.7-win32-x86_64\bin\java.exe
0x00007ffbcaae0000 - 0x00007ffbcad45000 	C:\WINDOWS\SYSTEM32\ntdll.dll
0x00007ffbc9810000 - 0x00007ffbc98d9000 	C:\WINDOWS\System32\KERNEL32.DLL
0x00007ffbc7ec0000 - 0x00007ffbc82a8000 	C:\WINDOWS\System32\KERNELBASE.dll
0x00007ffbc8430000 - 0x00007ffbc857b000 	C:\WINDOWS\System32\ucrtbase.dll
0x00007ffbb2b20000 - 0x00007ffbb2b38000 	c:\Users\ce651\.vscode\extensions\redhat.java-1.43.1-win32-x64\jre\21.0.7-win32-x86_64\bin\jli.dll
0x00007ffbb0180000 - 0x00007ffbb019e000 	c:\Users\ce651\.vscode\extensions\redhat.java-1.43.1-win32-x64\jre\21.0.7-win32-x86_64\bin\VCRUNTIME140.dll
0x00007ffbc9f40000 - 0x00007ffbca10a000 	C:\WINDOWS\System32\USER32.dll
0x00007ffbc8850000 - 0x00007ffbc8877000 	C:\WINDOWS\System32\win32u.dll
0x00007ffbc8b60000 - 0x00007ffbc8b8b000 	C:\WINDOWS\System32\GDI32.dll
0x00007ffbc7d80000 - 0x00007ffbc7eb7000 	C:\WINDOWS\System32\gdi32full.dll
0x00007ffbc87a0000 - 0x00007ffbc8843000 	C:\WINDOWS\System32\msvcp_win.dll
0x00007ffbad820000 - 0x00007ffbadaba000 	C:\WINDOWS\WinSxS\amd64_microsoft.windows.common-controls_6595b64144ccf1df_6.0.26100.4202_none_3e0698d4e335f517\COMCTL32.dll
0x00007ffbc9d70000 - 0x00007ffbc9e19000 	C:\WINDOWS\System32\msvcrt.dll
0x00007ffbc96d0000 - 0x00007ffbc9700000 	C:\WINDOWS\System32\IMM32.DLL
0x00007ffbc4170000 - 0x00007ffbc417c000 	c:\Users\ce651\.vscode\extensions\redhat.java-1.43.1-win32-x64\jre\21.0.7-win32-x86_64\bin\vcruntime140_1.dll
0x00007ffb9be20000 - 0x00007ffb9bead000 	c:\Users\ce651\.vscode\extensions\redhat.java-1.43.1-win32-x64\jre\21.0.7-win32-x86_64\bin\msvcp140.dll
0x00007ffaece90000 - 0x00007ffaedc20000 	c:\Users\ce651\.vscode\extensions\redhat.java-1.43.1-win32-x64\jre\21.0.7-win32-x86_64\bin\server\jvm.dll
0x00007ffbc8be0000 - 0x00007ffbc8c93000 	C:\WINDOWS\System32\ADVAPI32.dll
0x00007ffbc8a50000 - 0x00007ffbc8af6000 	C:\WINDOWS\System32\sechost.dll
0x00007ffbc9e20000 - 0x00007ffbc9f35000 	C:\WINDOWS\System32\RPCRT4.dll
0x00007ffbca950000 - 0x00007ffbca9c4000 	C:\WINDOWS\System32\WS2_32.dll
0x00007ffbc7490000 - 0x00007ffbc74ee000 	C:\WINDOWS\SYSTEM32\POWRPROF.dll
0x00007ffbb5130000 - 0x00007ffbb5165000 	C:\WINDOWS\SYSTEM32\WINMM.dll
0x00007ffbbf8a0000 - 0x00007ffbbf8ab000 	C:\WINDOWS\SYSTEM32\VERSION.dll
0x00007ffbc7160000 - 0x00007ffbc7174000 	C:\WINDOWS\SYSTEM32\UMPDC.dll
0x00007ffbc62d0000 - 0x00007ffbc62eb000 	C:\WINDOWS\SYSTEM32\kernel.appcore.dll
0x00007ffbc07f0000 - 0x00007ffbc07fa000 	c:\Users\ce651\.vscode\extensions\redhat.java-1.43.1-win32-x64\jre\21.0.7-win32-x86_64\bin\jimage.dll
0x00007ffbc7500000 - 0x00007ffbc7741000 	C:\WINDOWS\SYSTEM32\DBGHELP.DLL
0x00007ffbc98e0000 - 0x00007ffbc9c65000 	C:\WINDOWS\System32\combase.dll
0x00007ffbc8890000 - 0x00007ffbc8971000 	C:\WINDOWS\System32\OLEAUT32.dll
0x00007ffbc7380000 - 0x00007ffbc73b9000 	C:\WINDOWS\SYSTEM32\dbgcore.DLL
0x00007ffbc8580000 - 0x00007ffbc8619000 	C:\WINDOWS\System32\bcryptPrimitives.dll
0x00007ffbc02e0000 - 0x00007ffbc02ef000 	c:\Users\ce651\.vscode\extensions\redhat.java-1.43.1-win32-x64\jre\21.0.7-win32-x86_64\bin\instrument.dll
0x00007ffbae710000 - 0x00007ffbae72f000 	c:\Users\ce651\.vscode\extensions\redhat.java-1.43.1-win32-x64\jre\21.0.7-win32-x86_64\bin\java.dll
0x00007ffbca110000 - 0x00007ffbca852000 	C:\WINDOWS\System32\SHELL32.dll
0x00007ffbc82b0000 - 0x00007ffbc8424000 	C:\WINDOWS\System32\wintypes.dll
0x00007ffbc51b0000 - 0x00007ffbc5a08000 	C:\WINDOWS\SYSTEM32\windows.storage.dll
0x00007ffbc9c70000 - 0x00007ffbc9d61000 	C:\WINDOWS\System32\SHCORE.dll
0x00007ffbca860000 - 0x00007ffbca8ca000 	C:\WINDOWS\System32\shlwapi.dll
0x00007ffbc7b40000 - 0x00007ffbc7b6f000 	C:\WINDOWS\SYSTEM32\profapi.dll
0x00007ffbadee0000 - 0x00007ffbadef8000 	c:\Users\ce651\.vscode\extensions\redhat.java-1.43.1-win32-x64\jre\21.0.7-win32-x86_64\bin\zip.dll
0x00007ffbbaa40000 - 0x00007ffbbaa50000 	C:\Users\ce651\.vscode\extensions\redhat.java-1.43.1-win32-x64\jre\21.0.7-win32-x86_64\bin\net.dll
0x00007ffbbf520000 - 0x00007ffbbf63e000 	C:\WINDOWS\SYSTEM32\WINHTTP.dll
0x00007ffbc67e0000 - 0x00007ffbc684a000 	C:\WINDOWS\system32\mswsock.dll
0x00007ffbadb40000 - 0x00007ffbadb56000 	C:\Users\ce651\.vscode\extensions\redhat.java-1.43.1-win32-x64\jre\21.0.7-win32-x86_64\bin\nio.dll
0x00007ffbb2b00000 - 0x00007ffbb2b10000 	c:\Users\ce651\.vscode\extensions\redhat.java-1.43.1-win32-x64\jre\21.0.7-win32-x86_64\bin\verify.dll
0x00007ffb8d620000 - 0x00007ffb8d665000 	C:\Users\ce651\AppData\Roaming\Code\User\globalStorage\redhat.java\1.43.1\config_win\org.eclipse.equinox.launcher\org.eclipse.equinox.launcher.win32.win32.x86_64_1.2.1300.v20250331-1702\eclipse_11911.dll
0x00007ffbc9310000 - 0x00007ffbc94ae000 	C:\WINDOWS\System32\ole32.dll
0x00007ffbc7870000 - 0x00007ffbc788b000 	C:\WINDOWS\SYSTEM32\CRYPTSP.dll
0x00007ffbc6230000 - 0x00007ffbc626a000 	C:\WINDOWS\system32\rsaenh.dll
0x00007ffbc68f0000 - 0x00007ffbc691b000 	C:\WINDOWS\SYSTEM32\USERENV.dll
0x00007ffbc7b10000 - 0x00007ffbc7b36000 	C:\WINDOWS\SYSTEM32\bcrypt.dll
0x00007ffbc6be0000 - 0x00007ffbc6bec000 	C:\WINDOWS\SYSTEM32\CRYPTBASE.dll
0x00007ffbc5d00000 - 0x00007ffbc5d33000 	C:\WINDOWS\SYSTEM32\IPHLPAPI.DLL
0x00007ffbc8880000 - 0x00007ffbc888a000 	C:\WINDOWS\System32\NSI.dll
0x00007ffba2660000 - 0x00007ffba26a9000 	C:\Users\ce651\AppData\Local\Temp\jna-94491056\jna18364022373579942764.dll
0x00007ffbc94c0000 - 0x00007ffbc94c8000 	C:\WINDOWS\System32\PSAPI.DLL
0x00007ffbbf290000 - 0x00007ffbbf2af000 	C:\WINDOWS\SYSTEM32\dhcpcsvc6.DLL
0x00007ffbbf260000 - 0x00007ffbbf285000 	C:\WINDOWS\SYSTEM32\dhcpcsvc.DLL
0x00007ffbadb10000 - 0x00007ffbadb1e000 	C:\Users\ce651\.vscode\extensions\redhat.java-1.43.1-win32-x64\jre\21.0.7-win32-x86_64\bin\sunmscapi.dll
0x00007ffbc8620000 - 0x00007ffbc8797000 	C:\WINDOWS\System32\CRYPT32.dll
0x00007ffbc6d80000 - 0x00007ffbc6db0000 	C:\WINDOWS\SYSTEM32\ncrypt.dll
0x00007ffbc6d30000 - 0x00007ffbc6d6f000 	C:\WINDOWS\SYSTEM32\NTASN1.dll
0x00007ffb2a9d0000 - 0x00007ffb2a9d8000 	C:\WINDOWS\system32\wshunix.dll
0x00007ffbac780000 - 0x00007ffbac789000 	C:\Users\ce651\.vscode\extensions\redhat.java-1.43.1-win32-x64\jre\21.0.7-win32-x86_64\bin\extnet.dll
0x00007ffbc5d90000 - 0x00007ffbc5eb7000 	C:\WINDOWS\SYSTEM32\DNSAPI.dll
0x00007ffbbb820000 - 0x00007ffbbb82b000 	C:\Windows\System32\rasadhlp.dll
0x00007ffbbe690000 - 0x00007ffbbe716000 	C:\WINDOWS\System32\fwpuclnt.dll

dbghelp: loaded successfully - version: 4.0.5 - missing functions: none
symbol engine: initialized successfully - sym options: 0x614 - pdb path: .;c:\Users\ce651\.vscode\extensions\redhat.java-1.43.1-win32-x64\jre\21.0.7-win32-x86_64\bin;C:\WINDOWS\SYSTEM32;C:\WINDOWS\WinSxS\amd64_microsoft.windows.common-controls_6595b64144ccf1df_6.0.26100.4202_none_3e0698d4e335f517;c:\Users\ce651\.vscode\extensions\redhat.java-1.43.1-win32-x64\jre\21.0.7-win32-x86_64\bin\server;C:\Users\ce651\AppData\Roaming\Code\User\globalStorage\redhat.java\1.43.1\config_win\org.eclipse.equinox.launcher\org.eclipse.equinox.launcher.win32.win32.x86_64_1.2.1300.v20250331-1702;C:\Users\ce651\AppData\Local\Temp\jna-94491056

VM Arguments:
jvm_args: --add-modules=ALL-SYSTEM --add-opens=java.base/java.util=ALL-UNNAMED --add-opens=java.base/java.lang=ALL-UNNAMED --add-opens=java.base/sun.nio.fs=ALL-UNNAMED -Declipse.application=org.eclipse.jdt.ls.core.id1 -Dosgi.bundles.defaultStartLevel=4 -Declipse.product=org.eclipse.jdt.ls.core.product -Djava.import.generatesMetadataFilesAtProjectRoot=false -DDetectVMInstallationsJob.disabled=true -Dfile.encoding=utf8 -XX:+UseParallelGC -XX:GCTimeRatio=4 -XX:AdaptiveSizePolicyWeight=90 -Dsun.zip.disableMemoryMapping=true -Xmx2G -Xms100m -Xlog:disable -javaagent:c:\Users\ce651\.vscode\extensions\redhat.java-1.43.1-win32-x64\lombok\lombok-1.18.39-4050.jar -XX:+HeapDumpOnOutOfMemoryError -XX:HeapDumpPath=c:\Users\ce651\AppData\Roaming\Code\User\workspaceStorage\4b79b3d4875e53dccca7003614073563\redhat.java -Daether.dependencyCollector.impl=bf 
java_command: c:\Users\ce651\.vscode\extensions\redhat.java-1.43.1-win32-x64\server\plugins\org.eclipse.equinox.launcher_1.7.0.v20250519-0528.jar -configuration c:\Users\ce651\AppData\Roaming\Code\User\globalStorage\redhat.java\1.43.1\config_win -data c:\Users\ce651\AppData\Roaming\Code\User\workspaceStorage\4b79b3d4875e53dccca7003614073563\redhat.java\jdt_ws --pipe=\\.\pipe\lsp-efe3afd48dfc8efec59e001b361e5b61-sock
java_class_path (initial): c:\Users\ce651\.vscode\extensions\redhat.java-1.43.1-win32-x64\server\plugins\org.eclipse.equinox.launcher_1.7.0.v20250519-0528.jar
Launcher Type: SUN_STANDARD

[Global flags]
    uintx AdaptiveSizePolicyWeight                 = 90                                        {product} {command line}
     intx CICompilerCount                          = 4                                         {product} {ergonomic}
    uintx GCTimeRatio                              = 4                                         {product} {command line}
     bool HeapDumpOnOutOfMemoryError               = true                                   {manageable} {command line}
    ccstr HeapDumpPath                             = c:\Users\ce651\AppData\Roaming\Code\User\workspaceStorage\4b79b3d4875e53dccca7003614073563\redhat.java         {manageable} {command line}
   size_t InitialHeapSize                          = 104857600                                 {product} {command line}
   size_t MaxHeapSize                              = 2147483648                                {product} {command line}
   size_t MaxNewSize                               = 715653120                                 {product} {ergonomic}
   size_t MinHeapDeltaBytes                        = 524288                                    {product} {ergonomic}
   size_t MinHeapSize                              = 104857600                                 {product} {command line}
   size_t NewSize                                  = 34603008                                  {product} {ergonomic}
    uintx NonNMethodCodeHeapSize                   = 5839372                                {pd product} {ergonomic}
    uintx NonProfiledCodeHeapSize                  = 122909434                              {pd product} {ergonomic}
   size_t OldSize                                  = 70254592                                  {product} {ergonomic}
    uintx ProfiledCodeHeapSize                     = 122909434                              {pd product} {ergonomic}
    uintx ReservedCodeCacheSize                    = 251658240                              {pd product} {ergonomic}
     bool SegmentedCodeCache                       = true                                      {product} {ergonomic}
   size_t SoftMaxHeapSize                          = 2147483648                             {manageable} {ergonomic}
     bool UseCompressedOops                        = true                           {product lp64_product} {ergonomic}
     bool UseLargePagesIndividualAllocation        = false                                  {pd product} {ergonomic}
     bool UseParallelGC                            = true                                      {product} {command line}

Logging:
Log output configuration:
 #0: stdout all=off uptime,level,tags foldmultilines=false
 #1: stderr all=off uptime,level,tags foldmultilines=false

Environment Variables:
JAVA_HOME=C:\Program Files\Java\jdk-24
PATH=C:\Python313\Scripts\;C:\Python313\;C:\Program Files\Common Files\Oracle\Java\javapath;C:\WINDOWS\system32;C:\WINDOWS;C:\WINDOWS\System32\Wbem;C:\WINDOWS\System32\WindowsPowerShell\v1.0\;C:\WINDOWS\System32\OpenSSH\;C:\apache-maven-3.9.10-bin\apache-maven-3.9.10\bin;C:\Program Files\Java\jdk-24\bin;C:\ProgramData\chocolatey\bin;C:\Users\ce651\AppData\Local\nvm;C:\nvm4w\nodejs;C:\Program Files\nodejs\;C:\Program Files\Git\cmd;C:\laragon\bin\php\php-8.3.16-Win32-vs16-x64\;C:\laragon\bin\composer;C:\Users\ce651\AppData\Local\Microsoft\WindowsApps;C:\Users\ce651\AppData\Local\Programs\Microsoft VS Code\bin;C:\Program Files\JetBrains\IntelliJ IDEA 2025.1.2\bin;;C:\Users\ce651\AppData\Local\nvm;C:\nvm4w\nodejs;C:\Users\ce651\AppData\Roaming\npm;C:\Users\ce651\AppData\Local\GitHubDesktop\bin
USERNAME=ce651
OS=Windows_NT
PROCESSOR_IDENTIFIER=AMD64 Family 25 Model 33 Stepping 0, AuthenticAMD
TMP=C:\Users\ce651\AppData\Local\Temp
TEMP=C:\Users\ce651\AppData\Local\Temp




Periodic native trim disabled

---------------  S Y S T E M  ---------------

OS:
 Windows 11 , 64 bit Build 26100 (10.0.26100.4202)
OS uptime: 1 days 20:41 hours

CPU: total 12 (initial active 12) (12 cores per cpu, 2 threads per core) family 25 model 33 stepping 0 microcode 0xa201016, cx8, cmov, fxsr, ht, mmx, 3dnowpref, sse, sse2, sse3, ssse3, sse4a, sse4.1, sse4.2, popcnt, lzcnt, tsc, tscinvbit, avx, avx2, aes, erms, clmul, bmi1, bmi2, adx, sha, fma, vzeroupper, clflush, clflushopt, rdtscp, rdpid, fsrm, f16c, pku, cet_ss
Processor Information for the first 12 processors :
  Max Mhz: 3701, Current Mhz: 3701, Mhz Limit: 3701

Memory: 4k page, system-wide physical 32691M (16349M free)
TotalPageFile size 36659M (AvailPageFile size 13998M)
current process WorkingSet (physical memory assigned to process): 1271M, peak: 1791M
current process commit charge ("private bytes"): 1275M, peak: 1802M

vm_info: OpenJDK 64-Bit Server VM (21.0.7+6-LTS) for windows-amd64 JRE (21.0.7+6-LTS), built on 2025-04-15T00:00:00Z by "admin" with MS VC++ 17.7 (VS2022)

END.
